<?xml version="1.0" encoding="UTF-8"?>
<!-- Generated by org.testng.reporters.JUnitReportReporter -->
<testsuite hostname="LTIN208099" failures="0" tests="3" name="com.testRunner.testNG" time="169.273" errors="0" timestamp="2024-02-11T20:30:05 IST" skipped="0">
  <testcase classname="com.testRunner.testNG" name="runScenario" time="55.425"/>
  <testcase classname="com.testRunner.testNG" name="runScenario" time="92.159"/>
  <testcase classname="com.testRunner.testNG" name="runScenario" time="21.689"/>
</testsuite> <!-- com.testRunner.testNG -->
